<?xml version="1.0" encoding="UTF-8"?>
<!-- Generated by org.testng.reporters.JUnitXMLReporter -->
<testsuite ignored="0" hostname="LENOVO" failures="0" tests="3" name="Test" time="54.927" errors="0" timestamp="2023-10-18T05:51:20 IST">
  <testcase classname="testScenarios.SwitchingWindows" name="switchWind" time="42.385"/>
  <testcase classname="testScenarios.MouseHover" name="dragAndDrop" time="7.491"/>
  <testcase classname="testScenarios.DynamicDataHandling" name="DynData" time="4.98"/>
</testsuite> <!-- Test -->
