<?xml version="1.0" encoding="UTF-8"?>
<!-- Generated by org.testng.reporters.JUnitXMLReporter -->
<testsuite ignored="0" hostname="LENOVO" failures="0" tests="3" name="Test" time="50.453" errors="0" timestamp="2023-10-24T05:22:31 IST">
  <testcase classname="testScenarios.SwitchingWindows" name="switchWind" time="38.431"/>
  <testcase classname="testScenarios.MouseHover" name="dragAndDrop" time="5.898"/>
  <testcase classname="testScenarios.DynamicDataHandling" name="DynData" time="6.018"/>
</testsuite> <!-- Test -->
