<?xml version="1.0" encoding="UTF-8"?>
<testng-results ignored="0" total="3" passed="3" failed="0" skipped="0">
  <reporter-output>
  </reporter-output>
  <suite started-at="2023-10-24T05:21:41 IST" name="Suite" finished-at="2023-10-24T05:22:31 IST" duration-ms="50453">
    <groups>
    </groups>
    <test started-at="2023-10-24T05:21:41 IST" name="Test" finished-at="2023-10-24T05:22:31 IST" duration-ms="50453">
      <class name="testScenarios.SwitchingWindows">
        <test-method signature="switchWind()[pri:0, instance:testScenarios.SwitchingWindows@3c9d0b9d]" started-at="2023-10-24T05:21:41 IST" name="switchWind" finished-at="2023-10-24T05:22:19 IST" duration-ms="38431" status="PASS">
          <reporter-output>
          </reporter-output>
        </test-method> <!-- switchWind -->
      </class> <!-- testScenarios.SwitchingWindows -->
      <class name="testScenarios.DynamicDataHandling">
        <test-method signature="DynData()[pri:0, instance:testScenarios.DynamicDataHandling@5276e6b0]" started-at="2023-10-24T05:22:25 IST" name="DynData" finished-at="2023-10-24T05:22:31 IST" duration-ms="6018" status="PASS">
          <reporter-output>
          </reporter-output>
        </test-method> <!-- DynData -->
      </class> <!-- testScenarios.DynamicDataHandling -->
      <class name="testScenarios.MouseHover">
        <test-method signature="dragAndDrop()[pri:0, instance:testScenarios.MouseHover@769e7ee8]" started-at="2023-10-24T05:22:19 IST" name="dragAndDrop" finished-at="2023-10-24T05:22:25 IST" duration-ms="5898" status="PASS">
          <reporter-output>
          </reporter-output>
        </test-method> <!-- dragAndDrop -->
      </class> <!-- testScenarios.MouseHover -->
    </test> <!-- Test -->
  </suite> <!-- Suite -->
</testng-results>
